<?xml version="1.0" encoding="UTF-8"?>
<!-- Generated by org.testng.reporters.JUnitXMLReporter -->
<testsuite hostname="L-5CG5435LFM" ignored="0" name="HomePage" tests="2" failures="0" timestamp="2018-12-12T17:54:54 CET" time="60.176" errors="0">
  <testcase name="testHomePageToListPage" time="42.021" classname="com.clickclack.web.autotests.draft.v1.pop.home.HomePageIntegrationTestSet"/>
  <testcase name="testOpenHomePage" time="18.095" classname="com.clickclack.web.autotests.draft.v1.pop.home.HomePageUnitTestSet"/>
</testsuite> <!-- HomePage -->
