<?xml version="1.0" encoding="UTF-8"?>
<!-- Generated by org.testng.reporters.JUnitXMLReporter -->
<testsuite hostname="L-5CG5435LFM" ignored="4" name="ClacksCreatePage" tests="4" failures="0" timestamp="28 nov. 2018 11:48:33 GMT" time="1.619" errors="0">
  <testcase name="testOpenCreateClackPage" time="0.357" classname="com.apothuaud.selenium.clickclack.web.tests.draft.v1.ClacksCreatePageUnitTestSet"/>
  <testcase name="testCreatePageToListPage" time="0.653" classname="com.apothuaud.selenium.clickclack.web.tests.draft.v1.ClacksCreatePageIntegrationTestSet"/>
  <testcase name="testCreateFormAddFields" time="0.475" classname="com.apothuaud.selenium.clickclack.web.tests.draft.v1.ClacksCreatePageFunctionalTestSet"/>
  <testcase name="testCreateFormRemoveFields" time="0.134" classname="com.apothuaud.selenium.clickclack.web.tests.draft.v1.ClacksCreatePageFunctionalTestSet"/>
  <testcase name="@AfterSuite cleanUp" time="0.0" classname="com.apothuaud.selenium.common.TestSet">
    <ignored/>
  </testcase> <!-- @AfterSuite cleanUp -->
  <testcase name="@AfterSuite cleanUp" time="0.0" classname="com.apothuaud.selenium.common.TestSet">
    <ignored/>
  </testcase> <!-- @AfterSuite cleanUp -->
  <testcase name="@BeforeSuite setUp" time="0.0" classname="com.apothuaud.selenium.common.TestSet">
    <ignored/>
  </testcase> <!-- @BeforeSuite setUp -->
  <testcase name="@BeforeSuite setUp" time="0.0" classname="com.apothuaud.selenium.common.TestSet">
    <ignored/>
  </testcase> <!-- @BeforeSuite setUp -->
</testsuite> <!-- ClacksCreatePage -->
