<?xml version="1.0" encoding="UTF-8"?>
<!-- Generated by org.testng.reporters.JUnitXMLReporter -->
<testsuite hostname="L-5CG5435LFM" ignored="4" name="ClacksUpdatePage" tests="4" failures="0" timestamp="28 nov. 2018 11:48:43 GMT" time="4.877" errors="0">
  <testcase name="testOpenClackUpdatePage" time="0.447" classname="com.apothuaud.selenium.clickclack.web.tests.draft.v1.ClacksUpdatePageUnitTestSet"/>
  <testcase name="testDetailsPageToListPage" time="0.721" classname="com.apothuaud.selenium.clickclack.web.tests.draft.v1.ClacksUpdatePageIntegrationTestSet"/>
  <testcase name="testUpdateFormAddFields" time="0.539" classname="com.apothuaud.selenium.clickclack.web.tests.draft.v1.ClacksUpdatePageFunctionalTestSet"/>
  <testcase name="testUpdateFormRemoveFields" time="0.076" classname="com.apothuaud.selenium.clickclack.web.tests.draft.v1.ClacksUpdatePageFunctionalTestSet"/>
  <testcase name="@AfterSuite cleanUp" time="0.0" classname="com.apothuaud.selenium.common.TestSet">
    <ignored/>
  </testcase> <!-- @AfterSuite cleanUp -->
  <testcase name="@AfterSuite cleanUp" time="0.0" classname="com.apothuaud.selenium.common.TestSet">
    <ignored/>
  </testcase> <!-- @AfterSuite cleanUp -->
  <testcase name="@BeforeSuite setUp" time="0.0" classname="com.apothuaud.selenium.common.TestSet">
    <ignored/>
  </testcase> <!-- @BeforeSuite setUp -->
  <testcase name="@BeforeSuite setUp" time="0.0" classname="com.apothuaud.selenium.common.TestSet">
    <ignored/>
  </testcase> <!-- @BeforeSuite setUp -->
</testsuite> <!-- ClacksUpdatePage -->
