<?xml version="1.0" encoding="UTF-8"?>
<!-- Generated by org.testng.reporters.JUnitXMLReporter -->
<testsuite hostname="L-5CG5435LFM" ignored="4" name="HomePage" tests="2" failures="0" timestamp="30 nov. 2018 13:46:52 GMT" time="0.016" errors="0">
  <testcase name="testOpenHomePage" time="0.0" classname="com.apothuaud.selenium.clickclack.web.tests.draft.v1.HomePageUnitTestSet">
    <skipped/>
  </testcase> <!-- testOpenHomePage -->
  <testcase name="testHomePageToListPage" time="0.0" classname="com.apothuaud.selenium.clickclack.web.tests.draft.v1.HomePageIntegrationTestSet">
    <skipped/>
  </testcase> <!-- testHomePageToListPage -->
  <testcase name="@AfterSuite cleanUp" time="0.0" classname="com.apothuaud.selenium.common.TestSet">
    <ignored/>
  </testcase> <!-- @AfterSuite cleanUp -->
  <testcase name="@AfterSuite cleanUp" time="0.0" classname="com.apothuaud.selenium.common.TestSet">
    <ignored/>
  </testcase> <!-- @AfterSuite cleanUp -->
  <testcase name="@BeforeSuite setUp" time="0.0" classname="com.apothuaud.selenium.common.TestSet">
    <ignored/>
  </testcase> <!-- @BeforeSuite setUp -->
  <testcase name="@BeforeSuite setUp" time="0.0" classname="com.apothuaud.selenium.common.TestSet">
    <ignored/>
  </testcase> <!-- @BeforeSuite setUp -->
</testsuite> <!-- HomePage -->
