<?xml version="1.0" encoding="UTF-8"?>
<testng-results skipped="0" failed="0" ignored="24" total="48" passed="24">
  <reporter-output>
  </reporter-output>
  <suite name="ClickClack Web Draft v1" duration-ms="52630" started-at="2018-11-28T11:48:06Z" finished-at="2018-11-28T11:48:59Z">
    <groups>
      <group name="rec">
        <method signature="HomePageIntegrationTestSet.testHomePageToListPage()[pri:0, instance:com.apothuaud.selenium.clickclack.web.tests.draft.v1.HomePageIntegrationTestSet@2096442d]" name="testHomePageToListPage" class="com.apothuaud.selenium.clickclack.web.tests.draft.v1.HomePageIntegrationTestSet"/>
        <method signature="HomePageUnitTestSet.testOpenHomePage()[pri:0, instance:com.apothuaud.selenium.clickclack.web.tests.draft.v1.HomePageUnitTestSet@2c9f9fb0]" name="testOpenHomePage" class="com.apothuaud.selenium.clickclack.web.tests.draft.v1.HomePageUnitTestSet"/>
        <method signature="ClacksListPageIntegrationTestSet.testListPageToCreatePage()[pri:0, instance:com.apothuaud.selenium.clickclack.web.tests.draft.v1.ClacksListPageIntegrationTestSet@3c756e4d]" name="testListPageToCreatePage" class="com.apothuaud.selenium.clickclack.web.tests.draft.v1.ClacksListPageIntegrationTestSet"/>
        <method signature="ClacksListPageIntegrationTestSet.testListPageToDetailsPage()[pri:0, instance:com.apothuaud.selenium.clickclack.web.tests.draft.v1.ClacksListPageIntegrationTestSet@3c756e4d]" name="testListPageToDetailsPage" class="com.apothuaud.selenium.clickclack.web.tests.draft.v1.ClacksListPageIntegrationTestSet"/>
        <method signature="ClacksListPageIntegrationTestSet.testListPageToHomePage()[pri:0, instance:com.apothuaud.selenium.clickclack.web.tests.draft.v1.ClacksListPageIntegrationTestSet@3c756e4d]" name="testListPageToHomePage" class="com.apothuaud.selenium.clickclack.web.tests.draft.v1.ClacksListPageIntegrationTestSet"/>
        <method signature="ClacksListPageIntegrationTestSet.testListPageToUpdatePage()[pri:0, instance:com.apothuaud.selenium.clickclack.web.tests.draft.v1.ClacksListPageIntegrationTestSet@3c756e4d]" name="testListPageToUpdatePage" class="com.apothuaud.selenium.clickclack.web.tests.draft.v1.ClacksListPageIntegrationTestSet"/>
        <method signature="ClacksListPageUnitTestSet.testOpenClacksPage()[pri:0, instance:com.apothuaud.selenium.clickclack.web.tests.draft.v1.ClacksListPageUnitTestSet@4de8b406]" name="testOpenClacksPage" class="com.apothuaud.selenium.clickclack.web.tests.draft.v1.ClacksListPageUnitTestSet"/>
        <method signature="ClacksCreatePageFunctionalTestSet.testCreateFormAddFields()[pri:0, instance:com.apothuaud.selenium.clickclack.web.tests.draft.v1.ClacksCreatePageFunctionalTestSet@32d992b2]" name="testCreateFormAddFields" class="com.apothuaud.selenium.clickclack.web.tests.draft.v1.ClacksCreatePageFunctionalTestSet"/>
        <method signature="ClacksCreatePageFunctionalTestSet.testCreateFormRemoveFields()[pri:0, instance:com.apothuaud.selenium.clickclack.web.tests.draft.v1.ClacksCreatePageFunctionalTestSet@32d992b2]" name="testCreateFormRemoveFields" class="com.apothuaud.selenium.clickclack.web.tests.draft.v1.ClacksCreatePageFunctionalTestSet"/>
        <method signature="ClacksCreatePageIntegrationTestSet.testCreatePageToListPage()[pri:0, instance:com.apothuaud.selenium.clickclack.web.tests.draft.v1.ClacksCreatePageIntegrationTestSet@1810399e]" name="testCreatePageToListPage" class="com.apothuaud.selenium.clickclack.web.tests.draft.v1.ClacksCreatePageIntegrationTestSet"/>
        <method signature="ClacksCreatePageUnitTestSet.testOpenCreateClackPage()[pri:0, instance:com.apothuaud.selenium.clickclack.web.tests.draft.v1.ClacksCreatePageUnitTestSet@5f375618]" name="testOpenCreateClackPage" class="com.apothuaud.selenium.clickclack.web.tests.draft.v1.ClacksCreatePageUnitTestSet"/>
        <method signature="ClacksDetailsPageFunctionalTestSet.testErrorClackNotFound()[pri:0, instance:com.apothuaud.selenium.clickclack.web.tests.draft.v1.ClacksDetailsPageFunctionalTestSet@6d00a15d]" name="testErrorClackNotFound" class="com.apothuaud.selenium.clickclack.web.tests.draft.v1.ClacksDetailsPageFunctionalTestSet"/>
        <method signature="ClacksDetailsPageIntegrationTestSet.testDetailsPageToListPage()[pri:0, instance:com.apothuaud.selenium.clickclack.web.tests.draft.v1.ClacksDetailsPageIntegrationTestSet@36d4b5c]" name="testDetailsPageToListPage" class="com.apothuaud.selenium.clickclack.web.tests.draft.v1.ClacksDetailsPageIntegrationTestSet"/>
        <method signature="ClacksDetailsPageIntegrationTestSet.testDetailsPageToUpdatePage()[pri:0, instance:com.apothuaud.selenium.clickclack.web.tests.draft.v1.ClacksDetailsPageIntegrationTestSet@36d4b5c]" name="testDetailsPageToUpdatePage" class="com.apothuaud.selenium.clickclack.web.tests.draft.v1.ClacksDetailsPageIntegrationTestSet"/>
        <method signature="ClacksDetailsPageUnitTestSet.testOpenClackDetailsPage()[pri:0, instance:com.apothuaud.selenium.clickclack.web.tests.draft.v1.ClacksDetailsPageUnitTestSet@2ef5e5e3]" name="testOpenClackDetailsPage" class="com.apothuaud.selenium.clickclack.web.tests.draft.v1.ClacksDetailsPageUnitTestSet"/>
        <method signature="ClacksUpdatePageFunctionalTestSet.testUpdateFormAddFields()[pri:0, instance:com.apothuaud.selenium.clickclack.web.tests.draft.v1.ClacksUpdatePageFunctionalTestSet@5419f379]" name="testUpdateFormAddFields" class="com.apothuaud.selenium.clickclack.web.tests.draft.v1.ClacksUpdatePageFunctionalTestSet"/>
        <method signature="ClacksUpdatePageFunctionalTestSet.testUpdateFormRemoveFields()[pri:0, instance:com.apothuaud.selenium.clickclack.web.tests.draft.v1.ClacksUpdatePageFunctionalTestSet@5419f379]" name="testUpdateFormRemoveFields" class="com.apothuaud.selenium.clickclack.web.tests.draft.v1.ClacksUpdatePageFunctionalTestSet"/>
        <method signature="ClacksUpdatePageIntegrationTestSet.testDetailsPageToListPage()[pri:0, instance:com.apothuaud.selenium.clickclack.web.tests.draft.v1.ClacksUpdatePageIntegrationTestSet@7dc7cbad]" name="testDetailsPageToListPage" class="com.apothuaud.selenium.clickclack.web.tests.draft.v1.ClacksUpdatePageIntegrationTestSet"/>
        <method signature="ClacksUpdatePageUnitTestSet.testOpenClackUpdatePage()[pri:0, instance:com.apothuaud.selenium.clickclack.web.tests.draft.v1.ClacksUpdatePageUnitTestSet@4520ebad]" name="testOpenClackUpdatePage" class="com.apothuaud.selenium.clickclack.web.tests.draft.v1.ClacksUpdatePageUnitTestSet"/>
        <method signature="ClacksDeletePageFunctionalTestSet.testDeletePageConfirmToDelete()[pri:0, instance:com.apothuaud.selenium.clickclack.web.tests.draft.v1.ClacksDeletePageFunctionalTestSet@51565ec2]" name="testDeletePageConfirmToDelete" class="com.apothuaud.selenium.clickclack.web.tests.draft.v1.ClacksDeletePageFunctionalTestSet"/>
        <method signature="ClacksDeletePageFunctionalTestSet.testDeletePageRefuseToDelete()[pri:0, instance:com.apothuaud.selenium.clickclack.web.tests.draft.v1.ClacksDeletePageFunctionalTestSet@51565ec2]" name="testDeletePageRefuseToDelete" class="com.apothuaud.selenium.clickclack.web.tests.draft.v1.ClacksDeletePageFunctionalTestSet"/>
        <method signature="ClacksDeletePageIntegrationTestSet.testDeletePageToListPage()[pri:0, instance:com.apothuaud.selenium.clickclack.web.tests.draft.v1.ClacksDeletePageIntegrationTestSet@675d3402]" name="testDeletePageToListPage" class="com.apothuaud.selenium.clickclack.web.tests.draft.v1.ClacksDeletePageIntegrationTestSet"/>
        <method signature="ClacksDeletePageUnitTestSet.testOpenClacksDeletePage()[pri:0, instance:com.apothuaud.selenium.clickclack.web.tests.draft.v1.ClacksDeletePageUnitTestSet@28feb3fa]" name="testOpenClacksDeletePage" class="com.apothuaud.selenium.clickclack.web.tests.draft.v1.ClacksDeletePageUnitTestSet"/>
        <method signature="ClacksEndToEndTestSet.testCRUDClack()[pri:0, instance:com.apothuaud.selenium.clickclack.web.tests.draft.v1.ClacksEndToEndTestSet@5c7fa833]" name="testCRUDClack" class="com.apothuaud.selenium.clickclack.web.tests.draft.v1.ClacksEndToEndTestSet"/>
      </group> <!-- rec -->
      <group name="unit">
        <method signature="HomePageUnitTestSet.testOpenHomePage()[pri:0, instance:com.apothuaud.selenium.clickclack.web.tests.draft.v1.HomePageUnitTestSet@2c9f9fb0]" name="testOpenHomePage" class="com.apothuaud.selenium.clickclack.web.tests.draft.v1.HomePageUnitTestSet"/>
        <method signature="ClacksListPageUnitTestSet.testOpenClacksPage()[pri:0, instance:com.apothuaud.selenium.clickclack.web.tests.draft.v1.ClacksListPageUnitTestSet@4de8b406]" name="testOpenClacksPage" class="com.apothuaud.selenium.clickclack.web.tests.draft.v1.ClacksListPageUnitTestSet"/>
        <method signature="ClacksCreatePageUnitTestSet.testOpenCreateClackPage()[pri:0, instance:com.apothuaud.selenium.clickclack.web.tests.draft.v1.ClacksCreatePageUnitTestSet@5f375618]" name="testOpenCreateClackPage" class="com.apothuaud.selenium.clickclack.web.tests.draft.v1.ClacksCreatePageUnitTestSet"/>
        <method signature="ClacksDetailsPageUnitTestSet.testOpenClackDetailsPage()[pri:0, instance:com.apothuaud.selenium.clickclack.web.tests.draft.v1.ClacksDetailsPageUnitTestSet@2ef5e5e3]" name="testOpenClackDetailsPage" class="com.apothuaud.selenium.clickclack.web.tests.draft.v1.ClacksDetailsPageUnitTestSet"/>
        <method signature="ClacksUpdatePageUnitTestSet.testOpenClackUpdatePage()[pri:0, instance:com.apothuaud.selenium.clickclack.web.tests.draft.v1.ClacksUpdatePageUnitTestSet@4520ebad]" name="testOpenClackUpdatePage" class="com.apothuaud.selenium.clickclack.web.tests.draft.v1.ClacksUpdatePageUnitTestSet"/>
        <method signature="ClacksDeletePageUnitTestSet.testOpenClacksDeletePage()[pri:0, instance:com.apothuaud.selenium.clickclack.web.tests.draft.v1.ClacksDeletePageUnitTestSet@28feb3fa]" name="testOpenClacksDeletePage" class="com.apothuaud.selenium.clickclack.web.tests.draft.v1.ClacksDeletePageUnitTestSet"/>
      </group> <!-- unit -->
      <group name="prod">
        <method signature="HomePageIntegrationTestSet.testHomePageToListPage()[pri:0, instance:com.apothuaud.selenium.clickclack.web.tests.draft.v1.HomePageIntegrationTestSet@2096442d]" name="testHomePageToListPage" class="com.apothuaud.selenium.clickclack.web.tests.draft.v1.HomePageIntegrationTestSet"/>
        <method signature="HomePageUnitTestSet.testOpenHomePage()[pri:0, instance:com.apothuaud.selenium.clickclack.web.tests.draft.v1.HomePageUnitTestSet@2c9f9fb0]" name="testOpenHomePage" class="com.apothuaud.selenium.clickclack.web.tests.draft.v1.HomePageUnitTestSet"/>
        <method signature="ClacksListPageIntegrationTestSet.testListPageToCreatePage()[pri:0, instance:com.apothuaud.selenium.clickclack.web.tests.draft.v1.ClacksListPageIntegrationTestSet@3c756e4d]" name="testListPageToCreatePage" class="com.apothuaud.selenium.clickclack.web.tests.draft.v1.ClacksListPageIntegrationTestSet"/>
        <method signature="ClacksListPageIntegrationTestSet.testListPageToDetailsPage()[pri:0, instance:com.apothuaud.selenium.clickclack.web.tests.draft.v1.ClacksListPageIntegrationTestSet@3c756e4d]" name="testListPageToDetailsPage" class="com.apothuaud.selenium.clickclack.web.tests.draft.v1.ClacksListPageIntegrationTestSet"/>
        <method signature="ClacksListPageIntegrationTestSet.testListPageToHomePage()[pri:0, instance:com.apothuaud.selenium.clickclack.web.tests.draft.v1.ClacksListPageIntegrationTestSet@3c756e4d]" name="testListPageToHomePage" class="com.apothuaud.selenium.clickclack.web.tests.draft.v1.ClacksListPageIntegrationTestSet"/>
        <method signature="ClacksListPageIntegrationTestSet.testListPageToUpdatePage()[pri:0, instance:com.apothuaud.selenium.clickclack.web.tests.draft.v1.ClacksListPageIntegrationTestSet@3c756e4d]" name="testListPageToUpdatePage" class="com.apothuaud.selenium.clickclack.web.tests.draft.v1.ClacksListPageIntegrationTestSet"/>
        <method signature="ClacksListPageUnitTestSet.testOpenClacksPage()[pri:0, instance:com.apothuaud.selenium.clickclack.web.tests.draft.v1.ClacksListPageUnitTestSet@4de8b406]" name="testOpenClacksPage" class="com.apothuaud.selenium.clickclack.web.tests.draft.v1.ClacksListPageUnitTestSet"/>
        <method signature="ClacksCreatePageFunctionalTestSet.testCreateFormAddFields()[pri:0, instance:com.apothuaud.selenium.clickclack.web.tests.draft.v1.ClacksCreatePageFunctionalTestSet@32d992b2]" name="testCreateFormAddFields" class="com.apothuaud.selenium.clickclack.web.tests.draft.v1.ClacksCreatePageFunctionalTestSet"/>
        <method signature="ClacksCreatePageFunctionalTestSet.testCreateFormRemoveFields()[pri:0, instance:com.apothuaud.selenium.clickclack.web.tests.draft.v1.ClacksCreatePageFunctionalTestSet@32d992b2]" name="testCreateFormRemoveFields" class="com.apothuaud.selenium.clickclack.web.tests.draft.v1.ClacksCreatePageFunctionalTestSet"/>
        <method signature="ClacksCreatePageIntegrationTestSet.testCreatePageToListPage()[pri:0, instance:com.apothuaud.selenium.clickclack.web.tests.draft.v1.ClacksCreatePageIntegrationTestSet@1810399e]" name="testCreatePageToListPage" class="com.apothuaud.selenium.clickclack.web.tests.draft.v1.ClacksCreatePageIntegrationTestSet"/>
        <method signature="ClacksCreatePageUnitTestSet.testOpenCreateClackPage()[pri:0, instance:com.apothuaud.selenium.clickclack.web.tests.draft.v1.ClacksCreatePageUnitTestSet@5f375618]" name="testOpenCreateClackPage" class="com.apothuaud.selenium.clickclack.web.tests.draft.v1.ClacksCreatePageUnitTestSet"/>
        <method signature="ClacksDetailsPageFunctionalTestSet.testErrorClackNotFound()[pri:0, instance:com.apothuaud.selenium.clickclack.web.tests.draft.v1.ClacksDetailsPageFunctionalTestSet@6d00a15d]" name="testErrorClackNotFound" class="com.apothuaud.selenium.clickclack.web.tests.draft.v1.ClacksDetailsPageFunctionalTestSet"/>
        <method signature="ClacksDetailsPageIntegrationTestSet.testDetailsPageToListPage()[pri:0, instance:com.apothuaud.selenium.clickclack.web.tests.draft.v1.ClacksDetailsPageIntegrationTestSet@36d4b5c]" name="testDetailsPageToListPage" class="com.apothuaud.selenium.clickclack.web.tests.draft.v1.ClacksDetailsPageIntegrationTestSet"/>
        <method signature="ClacksDetailsPageIntegrationTestSet.testDetailsPageToUpdatePage()[pri:0, instance:com.apothuaud.selenium.clickclack.web.tests.draft.v1.ClacksDetailsPageIntegrationTestSet@36d4b5c]" name="testDetailsPageToUpdatePage" class="com.apothuaud.selenium.clickclack.web.tests.draft.v1.ClacksDetailsPageIntegrationTestSet"/>
        <method signature="ClacksDetailsPageUnitTestSet.testOpenClackDetailsPage()[pri:0, instance:com.apothuaud.selenium.clickclack.web.tests.draft.v1.ClacksDetailsPageUnitTestSet@2ef5e5e3]" name="testOpenClackDetailsPage" class="com.apothuaud.selenium.clickclack.web.tests.draft.v1.ClacksDetailsPageUnitTestSet"/>
        <method signature="ClacksUpdatePageFunctionalTestSet.testUpdateFormAddFields()[pri:0, instance:com.apothuaud.selenium.clickclack.web.tests.draft.v1.ClacksUpdatePageFunctionalTestSet@5419f379]" name="testUpdateFormAddFields" class="com.apothuaud.selenium.clickclack.web.tests.draft.v1.ClacksUpdatePageFunctionalTestSet"/>
        <method signature="ClacksUpdatePageFunctionalTestSet.testUpdateFormRemoveFields()[pri:0, instance:com.apothuaud.selenium.clickclack.web.tests.draft.v1.ClacksUpdatePageFunctionalTestSet@5419f379]" name="testUpdateFormRemoveFields" class="com.apothuaud.selenium.clickclack.web.tests.draft.v1.ClacksUpdatePageFunctionalTestSet"/>
        <method signature="ClacksUpdatePageIntegrationTestSet.testDetailsPageToListPage()[pri:0, instance:com.apothuaud.selenium.clickclack.web.tests.draft.v1.ClacksUpdatePageIntegrationTestSet@7dc7cbad]" name="testDetailsPageToListPage" class="com.apothuaud.selenium.clickclack.web.tests.draft.v1.ClacksUpdatePageIntegrationTestSet"/>
        <method signature="ClacksUpdatePageUnitTestSet.testOpenClackUpdatePage()[pri:0, instance:com.apothuaud.selenium.clickclack.web.tests.draft.v1.ClacksUpdatePageUnitTestSet@4520ebad]" name="testOpenClackUpdatePage" class="com.apothuaud.selenium.clickclack.web.tests.draft.v1.ClacksUpdatePageUnitTestSet"/>
        <method signature="ClacksDeletePageFunctionalTestSet.testDeletePageConfirmToDelete()[pri:0, instance:com.apothuaud.selenium.clickclack.web.tests.draft.v1.ClacksDeletePageFunctionalTestSet@51565ec2]" name="testDeletePageConfirmToDelete" class="com.apothuaud.selenium.clickclack.web.tests.draft.v1.ClacksDeletePageFunctionalTestSet"/>
        <method signature="ClacksDeletePageFunctionalTestSet.testDeletePageRefuseToDelete()[pri:0, instance:com.apothuaud.selenium.clickclack.web.tests.draft.v1.ClacksDeletePageFunctionalTestSet@51565ec2]" name="testDeletePageRefuseToDelete" class="com.apothuaud.selenium.clickclack.web.tests.draft.v1.ClacksDeletePageFunctionalTestSet"/>
        <method signature="ClacksDeletePageIntegrationTestSet.testDeletePageToListPage()[pri:0, instance:com.apothuaud.selenium.clickclack.web.tests.draft.v1.ClacksDeletePageIntegrationTestSet@675d3402]" name="testDeletePageToListPage" class="com.apothuaud.selenium.clickclack.web.tests.draft.v1.ClacksDeletePageIntegrationTestSet"/>
        <method signature="ClacksDeletePageUnitTestSet.testOpenClacksDeletePage()[pri:0, instance:com.apothuaud.selenium.clickclack.web.tests.draft.v1.ClacksDeletePageUnitTestSet@28feb3fa]" name="testOpenClacksDeletePage" class="com.apothuaud.selenium.clickclack.web.tests.draft.v1.ClacksDeletePageUnitTestSet"/>
        <method signature="ClacksEndToEndTestSet.testCRUDClack()[pri:0, instance:com.apothuaud.selenium.clickclack.web.tests.draft.v1.ClacksEndToEndTestSet@5c7fa833]" name="testCRUDClack" class="com.apothuaud.selenium.clickclack.web.tests.draft.v1.ClacksEndToEndTestSet"/>
      </group> <!-- prod -->
      <group name="dev">
        <method signature="HomePageIntegrationTestSet.testHomePageToListPage()[pri:0, instance:com.apothuaud.selenium.clickclack.web.tests.draft.v1.HomePageIntegrationTestSet@2096442d]" name="testHomePageToListPage" class="com.apothuaud.selenium.clickclack.web.tests.draft.v1.HomePageIntegrationTestSet"/>
        <method signature="HomePageUnitTestSet.testOpenHomePage()[pri:0, instance:com.apothuaud.selenium.clickclack.web.tests.draft.v1.HomePageUnitTestSet@2c9f9fb0]" name="testOpenHomePage" class="com.apothuaud.selenium.clickclack.web.tests.draft.v1.HomePageUnitTestSet"/>
        <method signature="ClacksListPageIntegrationTestSet.testListPageToCreatePage()[pri:0, instance:com.apothuaud.selenium.clickclack.web.tests.draft.v1.ClacksListPageIntegrationTestSet@3c756e4d]" name="testListPageToCreatePage" class="com.apothuaud.selenium.clickclack.web.tests.draft.v1.ClacksListPageIntegrationTestSet"/>
        <method signature="ClacksListPageIntegrationTestSet.testListPageToDetailsPage()[pri:0, instance:com.apothuaud.selenium.clickclack.web.tests.draft.v1.ClacksListPageIntegrationTestSet@3c756e4d]" name="testListPageToDetailsPage" class="com.apothuaud.selenium.clickclack.web.tests.draft.v1.ClacksListPageIntegrationTestSet"/>
        <method signature="ClacksListPageIntegrationTestSet.testListPageToHomePage()[pri:0, instance:com.apothuaud.selenium.clickclack.web.tests.draft.v1.ClacksListPageIntegrationTestSet@3c756e4d]" name="testListPageToHomePage" class="com.apothuaud.selenium.clickclack.web.tests.draft.v1.ClacksListPageIntegrationTestSet"/>
        <method signature="ClacksListPageIntegrationTestSet.testListPageToUpdatePage()[pri:0, instance:com.apothuaud.selenium.clickclack.web.tests.draft.v1.ClacksListPageIntegrationTestSet@3c756e4d]" name="testListPageToUpdatePage" class="com.apothuaud.selenium.clickclack.web.tests.draft.v1.ClacksListPageIntegrationTestSet"/>
        <method signature="ClacksListPageUnitTestSet.testOpenClacksPage()[pri:0, instance:com.apothuaud.selenium.clickclack.web.tests.draft.v1.ClacksListPageUnitTestSet@4de8b406]" name="testOpenClacksPage" class="com.apothuaud.selenium.clickclack.web.tests.draft.v1.ClacksListPageUnitTestSet"/>
        <method signature="ClacksCreatePageFunctionalTestSet.testCreateFormAddFields()[pri:0, instance:com.apothuaud.selenium.clickclack.web.tests.draft.v1.ClacksCreatePageFunctionalTestSet@32d992b2]" name="testCreateFormAddFields" class="com.apothuaud.selenium.clickclack.web.tests.draft.v1.ClacksCreatePageFunctionalTestSet"/>
        <method signature="ClacksCreatePageFunctionalTestSet.testCreateFormRemoveFields()[pri:0, instance:com.apothuaud.selenium.clickclack.web.tests.draft.v1.ClacksCreatePageFunctionalTestSet@32d992b2]" name="testCreateFormRemoveFields" class="com.apothuaud.selenium.clickclack.web.tests.draft.v1.ClacksCreatePageFunctionalTestSet"/>
        <method signature="ClacksCreatePageIntegrationTestSet.testCreatePageToListPage()[pri:0, instance:com.apothuaud.selenium.clickclack.web.tests.draft.v1.ClacksCreatePageIntegrationTestSet@1810399e]" name="testCreatePageToListPage" class="com.apothuaud.selenium.clickclack.web.tests.draft.v1.ClacksCreatePageIntegrationTestSet"/>
        <method signature="ClacksCreatePageUnitTestSet.testOpenCreateClackPage()[pri:0, instance:com.apothuaud.selenium.clickclack.web.tests.draft.v1.ClacksCreatePageUnitTestSet@5f375618]" name="testOpenCreateClackPage" class="com.apothuaud.selenium.clickclack.web.tests.draft.v1.ClacksCreatePageUnitTestSet"/>
        <method signature="ClacksDetailsPageFunctionalTestSet.testErrorClackNotFound()[pri:0, instance:com.apothuaud.selenium.clickclack.web.tests.draft.v1.ClacksDetailsPageFunctionalTestSet@6d00a15d]" name="testErrorClackNotFound" class="com.apothuaud.selenium.clickclack.web.tests.draft.v1.ClacksDetailsPageFunctionalTestSet"/>
        <method signature="ClacksDetailsPageIntegrationTestSet.testDetailsPageToListPage()[pri:0, instance:com.apothuaud.selenium.clickclack.web.tests.draft.v1.ClacksDetailsPageIntegrationTestSet@36d4b5c]" name="testDetailsPageToListPage" class="com.apothuaud.selenium.clickclack.web.tests.draft.v1.ClacksDetailsPageIntegrationTestSet"/>
        <method signature="ClacksDetailsPageIntegrationTestSet.testDetailsPageToUpdatePage()[pri:0, instance:com.apothuaud.selenium.clickclack.web.tests.draft.v1.ClacksDetailsPageIntegrationTestSet@36d4b5c]" name="testDetailsPageToUpdatePage" class="com.apothuaud.selenium.clickclack.web.tests.draft.v1.ClacksDetailsPageIntegrationTestSet"/>
        <method signature="ClacksDetailsPageUnitTestSet.testOpenClackDetailsPage()[pri:0, instance:com.apothuaud.selenium.clickclack.web.tests.draft.v1.ClacksDetailsPageUnitTestSet@2ef5e5e3]" name="testOpenClackDetailsPage" class="com.apothuaud.selenium.clickclack.web.tests.draft.v1.ClacksDetailsPageUnitTestSet"/>
        <method signature="ClacksUpdatePageFunctionalTestSet.testUpdateFormAddFields()[pri:0, instance:com.apothuaud.selenium.clickclack.web.tests.draft.v1.ClacksUpdatePageFunctionalTestSet@5419f379]" name="testUpdateFormAddFields" class="com.apothuaud.selenium.clickclack.web.tests.draft.v1.ClacksUpdatePageFunctionalTestSet"/>
        <method signature="ClacksUpdatePageFunctionalTestSet.testUpdateFormRemoveFields()[pri:0, instance:com.apothuaud.selenium.clickclack.web.tests.draft.v1.ClacksUpdatePageFunctionalTestSet@5419f379]" name="testUpdateFormRemoveFields" class="com.apothuaud.selenium.clickclack.web.tests.draft.v1.ClacksUpdatePageFunctionalTestSet"/>
        <method signature="ClacksUpdatePageIntegrationTestSet.testDetailsPageToListPage()[pri:0, instance:com.apothuaud.selenium.clickclack.web.tests.draft.v1.ClacksUpdatePageIntegrationTestSet@7dc7cbad]" name="testDetailsPageToListPage" class="com.apothuaud.selenium.clickclack.web.tests.draft.v1.ClacksUpdatePageIntegrationTestSet"/>
        <method signature="ClacksUpdatePageUnitTestSet.testOpenClackUpdatePage()[pri:0, instance:com.apothuaud.selenium.clickclack.web.tests.draft.v1.ClacksUpdatePageUnitTestSet@4520ebad]" name="testOpenClackUpdatePage" class="com.apothuaud.selenium.clickclack.web.tests.draft.v1.ClacksUpdatePageUnitTestSet"/>
        <method signature="ClacksDeletePageFunctionalTestSet.testDeletePageConfirmToDelete()[pri:0, instance:com.apothuaud.selenium.clickclack.web.tests.draft.v1.ClacksDeletePageFunctionalTestSet@51565ec2]" name="testDeletePageConfirmToDelete" class="com.apothuaud.selenium.clickclack.web.tests.draft.v1.ClacksDeletePageFunctionalTestSet"/>
        <method signature="ClacksDeletePageFunctionalTestSet.testDeletePageRefuseToDelete()[pri:0, instance:com.apothuaud.selenium.clickclack.web.tests.draft.v1.ClacksDeletePageFunctionalTestSet@51565ec2]" name="testDeletePageRefuseToDelete" class="com.apothuaud.selenium.clickclack.web.tests.draft.v1.ClacksDeletePageFunctionalTestSet"/>
        <method signature="ClacksDeletePageIntegrationTestSet.testDeletePageToListPage()[pri:0, instance:com.apothuaud.selenium.clickclack.web.tests.draft.v1.ClacksDeletePageIntegrationTestSet@675d3402]" name="testDeletePageToListPage" class="com.apothuaud.selenium.clickclack.web.tests.draft.v1.ClacksDeletePageIntegrationTestSet"/>
        <method signature="ClacksDeletePageUnitTestSet.testOpenClacksDeletePage()[pri:0, instance:com.apothuaud.selenium.clickclack.web.tests.draft.v1.ClacksDeletePageUnitTestSet@28feb3fa]" name="testOpenClacksDeletePage" class="com.apothuaud.selenium.clickclack.web.tests.draft.v1.ClacksDeletePageUnitTestSet"/>
        <method signature="ClacksEndToEndTestSet.testCRUDClack()[pri:0, instance:com.apothuaud.selenium.clickclack.web.tests.draft.v1.ClacksEndToEndTestSet@5c7fa833]" name="testCRUDClack" class="com.apothuaud.selenium.clickclack.web.tests.draft.v1.ClacksEndToEndTestSet"/>
      </group> <!-- dev -->
      <group name="e2e">
        <method signature="ClacksEndToEndTestSet.testCRUDClack()[pri:0, instance:com.apothuaud.selenium.clickclack.web.tests.draft.v1.ClacksEndToEndTestSet@5c7fa833]" name="testCRUDClack" class="com.apothuaud.selenium.clickclack.web.tests.draft.v1.ClacksEndToEndTestSet"/>
      </group> <!-- e2e -->
      <group name="int">
        <method signature="HomePageIntegrationTestSet.testHomePageToListPage()[pri:0, instance:com.apothuaud.selenium.clickclack.web.tests.draft.v1.HomePageIntegrationTestSet@2096442d]" name="testHomePageToListPage" class="com.apothuaud.selenium.clickclack.web.tests.draft.v1.HomePageIntegrationTestSet"/>
        <method signature="ClacksListPageIntegrationTestSet.testListPageToCreatePage()[pri:0, instance:com.apothuaud.selenium.clickclack.web.tests.draft.v1.ClacksListPageIntegrationTestSet@3c756e4d]" name="testListPageToCreatePage" class="com.apothuaud.selenium.clickclack.web.tests.draft.v1.ClacksListPageIntegrationTestSet"/>
        <method signature="ClacksListPageIntegrationTestSet.testListPageToDetailsPage()[pri:0, instance:com.apothuaud.selenium.clickclack.web.tests.draft.v1.ClacksListPageIntegrationTestSet@3c756e4d]" name="testListPageToDetailsPage" class="com.apothuaud.selenium.clickclack.web.tests.draft.v1.ClacksListPageIntegrationTestSet"/>
        <method signature="ClacksListPageIntegrationTestSet.testListPageToHomePage()[pri:0, instance:com.apothuaud.selenium.clickclack.web.tests.draft.v1.ClacksListPageIntegrationTestSet@3c756e4d]" name="testListPageToHomePage" class="com.apothuaud.selenium.clickclack.web.tests.draft.v1.ClacksListPageIntegrationTestSet"/>
        <method signature="ClacksListPageIntegrationTestSet.testListPageToUpdatePage()[pri:0, instance:com.apothuaud.selenium.clickclack.web.tests.draft.v1.ClacksListPageIntegrationTestSet@3c756e4d]" name="testListPageToUpdatePage" class="com.apothuaud.selenium.clickclack.web.tests.draft.v1.ClacksListPageIntegrationTestSet"/>
        <method signature="ClacksCreatePageIntegrationTestSet.testCreatePageToListPage()[pri:0, instance:com.apothuaud.selenium.clickclack.web.tests.draft.v1.ClacksCreatePageIntegrationTestSet@1810399e]" name="testCreatePageToListPage" class="com.apothuaud.selenium.clickclack.web.tests.draft.v1.ClacksCreatePageIntegrationTestSet"/>
        <method signature="ClacksDetailsPageIntegrationTestSet.testDetailsPageToListPage()[pri:0, instance:com.apothuaud.selenium.clickclack.web.tests.draft.v1.ClacksDetailsPageIntegrationTestSet@36d4b5c]" name="testDetailsPageToListPage" class="com.apothuaud.selenium.clickclack.web.tests.draft.v1.ClacksDetailsPageIntegrationTestSet"/>
        <method signature="ClacksDetailsPageIntegrationTestSet.testDetailsPageToUpdatePage()[pri:0, instance:com.apothuaud.selenium.clickclack.web.tests.draft.v1.ClacksDetailsPageIntegrationTestSet@36d4b5c]" name="testDetailsPageToUpdatePage" class="com.apothuaud.selenium.clickclack.web.tests.draft.v1.ClacksDetailsPageIntegrationTestSet"/>
        <method signature="ClacksUpdatePageIntegrationTestSet.testDetailsPageToListPage()[pri:0, instance:com.apothuaud.selenium.clickclack.web.tests.draft.v1.ClacksUpdatePageIntegrationTestSet@7dc7cbad]" name="testDetailsPageToListPage" class="com.apothuaud.selenium.clickclack.web.tests.draft.v1.ClacksUpdatePageIntegrationTestSet"/>
        <method signature="ClacksDeletePageFunctionalTestSet.testDeletePageConfirmToDelete()[pri:0, instance:com.apothuaud.selenium.clickclack.web.tests.draft.v1.ClacksDeletePageFunctionalTestSet@51565ec2]" name="testDeletePageConfirmToDelete" class="com.apothuaud.selenium.clickclack.web.tests.draft.v1.ClacksDeletePageFunctionalTestSet"/>
        <method signature="ClacksDeletePageIntegrationTestSet.testDeletePageToListPage()[pri:0, instance:com.apothuaud.selenium.clickclack.web.tests.draft.v1.ClacksDeletePageIntegrationTestSet@675d3402]" name="testDeletePageToListPage" class="com.apothuaud.selenium.clickclack.web.tests.draft.v1.ClacksDeletePageIntegrationTestSet"/>
      </group> <!-- int -->
      <group name="fun">
        <method signature="ClacksCreatePageFunctionalTestSet.testCreateFormAddFields()[pri:0, instance:com.apothuaud.selenium.clickclack.web.tests.draft.v1.ClacksCreatePageFunctionalTestSet@32d992b2]" name="testCreateFormAddFields" class="com.apothuaud.selenium.clickclack.web.tests.draft.v1.ClacksCreatePageFunctionalTestSet"/>
        <method signature="ClacksCreatePageFunctionalTestSet.testCreateFormRemoveFields()[pri:0, instance:com.apothuaud.selenium.clickclack.web.tests.draft.v1.ClacksCreatePageFunctionalTestSet@32d992b2]" name="testCreateFormRemoveFields" class="com.apothuaud.selenium.clickclack.web.tests.draft.v1.ClacksCreatePageFunctionalTestSet"/>
        <method signature="ClacksDetailsPageFunctionalTestSet.testErrorClackNotFound()[pri:0, instance:com.apothuaud.selenium.clickclack.web.tests.draft.v1.ClacksDetailsPageFunctionalTestSet@6d00a15d]" name="testErrorClackNotFound" class="com.apothuaud.selenium.clickclack.web.tests.draft.v1.ClacksDetailsPageFunctionalTestSet"/>
        <method signature="ClacksUpdatePageFunctionalTestSet.testUpdateFormAddFields()[pri:0, instance:com.apothuaud.selenium.clickclack.web.tests.draft.v1.ClacksUpdatePageFunctionalTestSet@5419f379]" name="testUpdateFormAddFields" class="com.apothuaud.selenium.clickclack.web.tests.draft.v1.ClacksUpdatePageFunctionalTestSet"/>
        <method signature="ClacksUpdatePageFunctionalTestSet.testUpdateFormRemoveFields()[pri:0, instance:com.apothuaud.selenium.clickclack.web.tests.draft.v1.ClacksUpdatePageFunctionalTestSet@5419f379]" name="testUpdateFormRemoveFields" class="com.apothuaud.selenium.clickclack.web.tests.draft.v1.ClacksUpdatePageFunctionalTestSet"/>
        <method signature="ClacksDeletePageFunctionalTestSet.testDeletePageRefuseToDelete()[pri:0, instance:com.apothuaud.selenium.clickclack.web.tests.draft.v1.ClacksDeletePageFunctionalTestSet@51565ec2]" name="testDeletePageRefuseToDelete" class="com.apothuaud.selenium.clickclack.web.tests.draft.v1.ClacksDeletePageFunctionalTestSet"/>
      </group> <!-- fun -->
    </groups>
    <test name="HomePage" duration-ms="17095" started-at="2018-11-28T11:48:06Z" finished-at="2018-11-28T11:48:23Z">
      <class name="com.apothuaud.selenium.clickclack.web.tests.draft.v1.HomePageUnitTestSet">
        <test-method status="PASS" signature="testOpenHomePage()[pri:0, instance:com.apothuaud.selenium.clickclack.web.tests.draft.v1.HomePageUnitTestSet@2c9f9fb0]" name="testOpenHomePage" duration-ms="9734" started-at="2018-11-28T11:48:06Z" description="I can open home page and see header and content" finished-at="2018-11-28T11:48:16Z">
          <reporter-output>
          </reporter-output>
        </test-method> <!-- testOpenHomePage -->
      </class> <!-- com.apothuaud.selenium.clickclack.web.tests.draft.v1.HomePageUnitTestSet -->
      <class name="com.apothuaud.selenium.clickclack.web.tests.draft.v1.HomePageIntegrationTestSet">
        <test-method status="PASS" signature="testHomePageToListPage()[pri:0, instance:com.apothuaud.selenium.clickclack.web.tests.draft.v1.HomePageIntegrationTestSet@2096442d]" name="testHomePageToListPage" duration-ms="7242" started-at="2018-11-28T11:48:16Z" description="I can navigate to List page from Home page" finished-at="2018-11-28T11:48:23Z">
          <reporter-output>
          </reporter-output>
        </test-method> <!-- testHomePageToListPage -->
      </class> <!-- com.apothuaud.selenium.clickclack.web.tests.draft.v1.HomePageIntegrationTestSet -->
    </test> <!-- HomePage -->
    <test name="ClacksListPage" duration-ms="7602" started-at="2018-11-28T11:48:23Z" finished-at="2018-11-28T11:48:31Z">
      <class name="com.apothuaud.selenium.clickclack.web.tests.draft.v1.ClacksListPageIntegrationTestSet">
        <test-method status="PASS" signature="beforeTest()[pri:0, instance:com.apothuaud.selenium.clickclack.web.tests.draft.v1.ClacksListPageIntegrationTestSet@3c756e4d]" name="beforeTest" is-config="true" duration-ms="1165" started-at="2018-11-28T11:48:24Z" finished-at="2018-11-28T11:48:25Z">
          <reporter-output>
          </reporter-output>
        </test-method> <!-- beforeTest -->
        <test-method status="PASS" signature="testListPageToCreatePage()[pri:0, instance:com.apothuaud.selenium.clickclack.web.tests.draft.v1.ClacksListPageIntegrationTestSet@3c756e4d]" name="testListPageToCreatePage" duration-ms="590" started-at="2018-11-28T11:48:25Z" description="I can navigate to Create page from List page" finished-at="2018-11-28T11:48:25Z">
          <reporter-output>
          </reporter-output>
        </test-method> <!-- testListPageToCreatePage -->
        <test-method status="PASS" signature="beforeTest()[pri:0, instance:com.apothuaud.selenium.clickclack.web.tests.draft.v1.ClacksListPageIntegrationTestSet@3c756e4d]" name="beforeTest" is-config="true" duration-ms="979" started-at="2018-11-28T11:48:25Z" finished-at="2018-11-28T11:48:26Z">
          <reporter-output>
          </reporter-output>
        </test-method> <!-- beforeTest -->
        <test-method status="PASS" signature="testListPageToDetailsPage()[pri:0, instance:com.apothuaud.selenium.clickclack.web.tests.draft.v1.ClacksListPageIntegrationTestSet@3c756e4d]" name="testListPageToDetailsPage" duration-ms="724" started-at="2018-11-28T11:48:26Z" description="I can navigate to Details page from List page" finished-at="2018-11-28T11:48:27Z">
          <reporter-output>
          </reporter-output>
        </test-method> <!-- testListPageToDetailsPage -->
        <test-method status="PASS" signature="beforeTest()[pri:0, instance:com.apothuaud.selenium.clickclack.web.tests.draft.v1.ClacksListPageIntegrationTestSet@3c756e4d]" name="beforeTest" is-config="true" duration-ms="1210" started-at="2018-11-28T11:48:27Z" finished-at="2018-11-28T11:48:28Z">
          <reporter-output>
          </reporter-output>
        </test-method> <!-- beforeTest -->
        <test-method status="PASS" signature="testListPageToHomePage()[pri:0, instance:com.apothuaud.selenium.clickclack.web.tests.draft.v1.ClacksListPageIntegrationTestSet@3c756e4d]" name="testListPageToHomePage" duration-ms="592" started-at="2018-11-28T11:48:28Z" description="I can navigate to Home page from List page" finished-at="2018-11-28T11:48:29Z">
          <reporter-output>
          </reporter-output>
        </test-method> <!-- testListPageToHomePage -->
        <test-method status="PASS" signature="beforeTest()[pri:0, instance:com.apothuaud.selenium.clickclack.web.tests.draft.v1.ClacksListPageIntegrationTestSet@3c756e4d]" name="beforeTest" is-config="true" duration-ms="1044" started-at="2018-11-28T11:48:29Z" finished-at="2018-11-28T11:48:30Z">
          <reporter-output>
          </reporter-output>
        </test-method> <!-- beforeTest -->
        <test-method status="PASS" signature="testListPageToUpdatePage()[pri:0, instance:com.apothuaud.selenium.clickclack.web.tests.draft.v1.ClacksListPageIntegrationTestSet@3c756e4d]" name="testListPageToUpdatePage" duration-ms="785" started-at="2018-11-28T11:48:30Z" description="I can navigate to Update page from List page" finished-at="2018-11-28T11:48:31Z">
          <reporter-output>
          </reporter-output>
        </test-method> <!-- testListPageToUpdatePage -->
      </class> <!-- com.apothuaud.selenium.clickclack.web.tests.draft.v1.ClacksListPageIntegrationTestSet -->
      <class name="com.apothuaud.selenium.clickclack.web.tests.draft.v1.ClacksListPageUnitTestSet">
        <test-method status="PASS" signature="testOpenClacksPage()[pri:0, instance:com.apothuaud.selenium.clickclack.web.tests.draft.v1.ClacksListPageUnitTestSet@4de8b406]" name="testOpenClacksPage" duration-ms="508" started-at="2018-11-28T11:48:23Z" description="I can open clacks page and see header and content" finished-at="2018-11-28T11:48:24Z">
          <reporter-output>
          </reporter-output>
        </test-method> <!-- testOpenClacksPage -->
      </class> <!-- com.apothuaud.selenium.clickclack.web.tests.draft.v1.ClacksListPageUnitTestSet -->
    </test> <!-- ClacksListPage -->
    <test name="ClacksCreatePage" duration-ms="1619" started-at="2018-11-28T11:48:31Z" finished-at="2018-11-28T11:48:33Z">
      <class name="com.apothuaud.selenium.clickclack.web.tests.draft.v1.ClacksCreatePageUnitTestSet">
        <test-method status="PASS" signature="testOpenCreateClackPage()[pri:0, instance:com.apothuaud.selenium.clickclack.web.tests.draft.v1.ClacksCreatePageUnitTestSet@5f375618]" name="testOpenCreateClackPage" duration-ms="357" started-at="2018-11-28T11:48:31Z" description="I can open clacks create page and see header and content" finished-at="2018-11-28T11:48:31Z">
          <reporter-output>
          </reporter-output>
        </test-method> <!-- testOpenCreateClackPage -->
      </class> <!-- com.apothuaud.selenium.clickclack.web.tests.draft.v1.ClacksCreatePageUnitTestSet -->
      <class name="com.apothuaud.selenium.clickclack.web.tests.draft.v1.ClacksCreatePageIntegrationTestSet">
        <test-method status="PASS" signature="testCreatePageToListPage()[pri:0, instance:com.apothuaud.selenium.clickclack.web.tests.draft.v1.ClacksCreatePageIntegrationTestSet@1810399e]" name="testCreatePageToListPage" duration-ms="653" started-at="2018-11-28T11:48:31Z" description="I can navigate to Clacks page from Create page" finished-at="2018-11-28T11:48:32Z">
          <reporter-output>
          </reporter-output>
        </test-method> <!-- testCreatePageToListPage -->
      </class> <!-- com.apothuaud.selenium.clickclack.web.tests.draft.v1.ClacksCreatePageIntegrationTestSet -->
      <class name="com.apothuaud.selenium.clickclack.web.tests.draft.v1.ClacksCreatePageFunctionalTestSet">
        <test-method status="PASS" signature="testCreateFormAddFields()[pri:0, instance:com.apothuaud.selenium.clickclack.web.tests.draft.v1.ClacksCreatePageFunctionalTestSet@32d992b2]" name="testCreateFormAddFields" duration-ms="475" started-at="2018-11-28T11:48:32Z" description="I can add fields in create clack form" finished-at="2018-11-28T11:48:32Z">
          <reporter-output>
          </reporter-output>
        </test-method> <!-- testCreateFormAddFields -->
        <test-method status="PASS" signature="testCreateFormRemoveFields()[pri:0, instance:com.apothuaud.selenium.clickclack.web.tests.draft.v1.ClacksCreatePageFunctionalTestSet@32d992b2]" name="testCreateFormRemoveFields" duration-ms="134" started-at="2018-11-28T11:48:32Z" description="I can remove fields in create clack form" depends-on-methods="com.apothuaud.selenium.clickclack.web.tests.draft.v1.ClacksCreatePageFunctionalTestSet.testCreateFormAddFields" finished-at="2018-11-28T11:48:33Z">
          <reporter-output>
          </reporter-output>
        </test-method> <!-- testCreateFormRemoveFields -->
      </class> <!-- com.apothuaud.selenium.clickclack.web.tests.draft.v1.ClacksCreatePageFunctionalTestSet -->
    </test> <!-- ClacksCreatePage -->
    <test name="ClacksDetailsPage" duration-ms="5460" started-at="2018-11-28T11:48:33Z" finished-at="2018-11-28T11:48:38Z">
      <class name="com.apothuaud.selenium.clickclack.web.tests.draft.v1.ClacksDetailsPageFunctionalTestSet">
        <test-method status="PASS" signature="testErrorClackNotFound()[pri:0, instance:com.apothuaud.selenium.clickclack.web.tests.draft.v1.ClacksDetailsPageFunctionalTestSet@6d00a15d]" name="testErrorClackNotFound" duration-ms="311" started-at="2018-11-28T11:48:38Z" description="Error clack not found on details page" finished-at="2018-11-28T11:48:38Z">
          <reporter-output>
          </reporter-output>
        </test-method> <!-- testErrorClackNotFound -->
      </class> <!-- com.apothuaud.selenium.clickclack.web.tests.draft.v1.ClacksDetailsPageFunctionalTestSet -->
      <class name="com.apothuaud.selenium.clickclack.web.tests.draft.v1.ClacksDetailsPageIntegrationTestSet">
        <test-method status="PASS" signature="beforeTest()[pri:0, instance:com.apothuaud.selenium.clickclack.web.tests.draft.v1.ClacksDetailsPageIntegrationTestSet@36d4b5c]" name="beforeTest" is-config="true" duration-ms="954" started-at="2018-11-28T11:48:34Z" finished-at="2018-11-28T11:48:35Z">
          <reporter-output>
          </reporter-output>
        </test-method> <!-- beforeTest -->
        <test-method status="PASS" signature="testDetailsPageToListPage()[pri:0, instance:com.apothuaud.selenium.clickclack.web.tests.draft.v1.ClacksDetailsPageIntegrationTestSet@36d4b5c]" name="testDetailsPageToListPage" duration-ms="716" started-at="2018-11-28T11:48:35Z" description="I can navigate to List page from Details page" finished-at="2018-11-28T11:48:36Z">
          <reporter-output>
          </reporter-output>
        </test-method> <!-- testDetailsPageToListPage -->
        <test-method status="PASS" signature="beforeTest()[pri:0, instance:com.apothuaud.selenium.clickclack.web.tests.draft.v1.ClacksDetailsPageIntegrationTestSet@36d4b5c]" name="beforeTest" is-config="true" duration-ms="982" started-at="2018-11-28T11:48:36Z" finished-at="2018-11-28T11:48:37Z">
          <reporter-output>
          </reporter-output>
        </test-method> <!-- beforeTest -->
        <test-method status="PASS" signature="testDetailsPageToUpdatePage()[pri:0, instance:com.apothuaud.selenium.clickclack.web.tests.draft.v1.ClacksDetailsPageIntegrationTestSet@36d4b5c]" name="testDetailsPageToUpdatePage" duration-ms="750" started-at="2018-11-28T11:48:37Z" description="I can navigate to Update page from Details page" finished-at="2018-11-28T11:48:38Z">
          <reporter-output>
          </reporter-output>
        </test-method> <!-- testDetailsPageToUpdatePage -->
      </class> <!-- com.apothuaud.selenium.clickclack.web.tests.draft.v1.ClacksDetailsPageIntegrationTestSet -->
      <class name="com.apothuaud.selenium.clickclack.web.tests.draft.v1.ClacksDetailsPageUnitTestSet">
        <test-method status="PASS" signature="beforeTest()[pri:0, instance:com.apothuaud.selenium.clickclack.web.tests.draft.v1.ClacksDetailsPageUnitTestSet@2ef5e5e3]" name="beforeTest" is-config="true" duration-ms="1236" started-at="2018-11-28T11:48:33Z" finished-at="2018-11-28T11:48:34Z">
          <reporter-output>
          </reporter-output>
        </test-method> <!-- beforeTest -->
        <test-method status="PASS" signature="testOpenClackDetailsPage()[pri:0, instance:com.apothuaud.selenium.clickclack.web.tests.draft.v1.ClacksDetailsPageUnitTestSet@2ef5e5e3]" name="testOpenClackDetailsPage" duration-ms="509" started-at="2018-11-28T11:48:34Z" description="I can open clacks details page and see header and content" finished-at="2018-11-28T11:48:34Z">
          <reporter-output>
          </reporter-output>
        </test-method> <!-- testOpenClackDetailsPage -->
      </class> <!-- com.apothuaud.selenium.clickclack.web.tests.draft.v1.ClacksDetailsPageUnitTestSet -->
    </test> <!-- ClacksDetailsPage -->
    <test name="ClacksUpdatePage" duration-ms="4877" started-at="2018-11-28T11:48:38Z" finished-at="2018-11-28T11:48:43Z">
      <class name="com.apothuaud.selenium.clickclack.web.tests.draft.v1.ClacksUpdatePageFunctionalTestSet">
        <test-method status="PASS" signature="beforeTest()[pri:0, instance:com.apothuaud.selenium.clickclack.web.tests.draft.v1.ClacksUpdatePageFunctionalTestSet@5419f379]" name="beforeTest" is-config="true" duration-ms="958" started-at="2018-11-28T11:48:38Z" finished-at="2018-11-28T11:48:39Z">
          <reporter-output>
          </reporter-output>
        </test-method> <!-- beforeTest -->
        <test-method status="PASS" signature="testUpdateFormAddFields()[pri:0, instance:com.apothuaud.selenium.clickclack.web.tests.draft.v1.ClacksUpdatePageFunctionalTestSet@5419f379]" name="testUpdateFormAddFields" duration-ms="539" started-at="2018-11-28T11:48:42Z" description="I can add fields in update clack form" finished-at="2018-11-28T11:48:43Z">
          <reporter-output>
          </reporter-output>
        </test-method> <!-- testUpdateFormAddFields -->
        <test-method status="PASS" signature="testUpdateFormRemoveFields()[pri:0, instance:com.apothuaud.selenium.clickclack.web.tests.draft.v1.ClacksUpdatePageFunctionalTestSet@5419f379]" name="testUpdateFormRemoveFields" duration-ms="76" started-at="2018-11-28T11:48:43Z" description="I can remove fields in update clack form" depends-on-methods="com.apothuaud.selenium.clickclack.web.tests.draft.v1.ClacksUpdatePageFunctionalTestSet.testUpdateFormAddFields" finished-at="2018-11-28T11:48:43Z">
          <reporter-output>
          </reporter-output>
        </test-method> <!-- testUpdateFormRemoveFields -->
      </class> <!-- com.apothuaud.selenium.clickclack.web.tests.draft.v1.ClacksUpdatePageFunctionalTestSet -->
      <class name="com.apothuaud.selenium.clickclack.web.tests.draft.v1.ClacksUpdatePageIntegrationTestSet">
        <test-method status="PASS" signature="beforeTest()[pri:0, instance:com.apothuaud.selenium.clickclack.web.tests.draft.v1.ClacksUpdatePageIntegrationTestSet@7dc7cbad]" name="beforeTest" is-config="true" duration-ms="1132" started-at="2018-11-28T11:48:41Z" finished-at="2018-11-28T11:48:42Z">
          <reporter-output>
          </reporter-output>
        </test-method> <!-- beforeTest -->
        <test-method status="PASS" signature="testDetailsPageToListPage()[pri:0, instance:com.apothuaud.selenium.clickclack.web.tests.draft.v1.ClacksUpdatePageIntegrationTestSet@7dc7cbad]" name="testDetailsPageToListPage" duration-ms="721" started-at="2018-11-28T11:48:42Z" description="I can navigate to List page from Details page" finished-at="2018-11-28T11:48:42Z">
          <reporter-output>
          </reporter-output>
        </test-method> <!-- testDetailsPageToListPage -->
      </class> <!-- com.apothuaud.selenium.clickclack.web.tests.draft.v1.ClacksUpdatePageIntegrationTestSet -->
      <class name="com.apothuaud.selenium.clickclack.web.tests.draft.v1.ClacksUpdatePageUnitTestSet">
        <test-method status="PASS" signature="beforeTest()[pri:0, instance:com.apothuaud.selenium.clickclack.web.tests.draft.v1.ClacksUpdatePageUnitTestSet@4520ebad]" name="beforeTest" is-config="true" duration-ms="986" started-at="2018-11-28T11:48:39Z" finished-at="2018-11-28T11:48:40Z">
          <reporter-output>
          </reporter-output>
        </test-method> <!-- beforeTest -->
        <test-method status="PASS" signature="testOpenClackUpdatePage()[pri:0, instance:com.apothuaud.selenium.clickclack.web.tests.draft.v1.ClacksUpdatePageUnitTestSet@4520ebad]" name="testOpenClackUpdatePage" duration-ms="447" started-at="2018-11-28T11:48:40Z" description="I can open clacks update page and see header and content" finished-at="2018-11-28T11:48:41Z">
          <reporter-output>
          </reporter-output>
        </test-method> <!-- testOpenClackUpdatePage -->
      </class> <!-- com.apothuaud.selenium.clickclack.web.tests.draft.v1.ClacksUpdatePageUnitTestSet -->
    </test> <!-- ClacksUpdatePage -->
    <test name="ClacksDeletePage" duration-ms="11304" started-at="2018-11-28T11:48:43Z" finished-at="2018-11-28T11:48:54Z">
      <class name="com.apothuaud.selenium.clickclack.web.tests.draft.v1.ClacksDeletePageUnitTestSet">
        <test-method status="PASS" signature="beforeMethod()[pri:0, instance:com.apothuaud.selenium.clickclack.web.tests.draft.v1.ClacksDeletePageUnitTestSet@28feb3fa]" name="beforeMethod" is-config="true" duration-ms="994" started-at="2018-11-28T11:48:43Z" finished-at="2018-11-28T11:48:44Z">
          <reporter-output>
          </reporter-output>
        </test-method> <!-- beforeMethod -->
        <test-method status="PASS" signature="testOpenClacksDeletePage()[pri:0, instance:com.apothuaud.selenium.clickclack.web.tests.draft.v1.ClacksDeletePageUnitTestSet@28feb3fa]" name="testOpenClacksDeletePage" duration-ms="532" started-at="2018-11-28T11:48:44Z" description="I can open clacks create page and see header and content" finished-at="2018-11-28T11:48:45Z">
          <reporter-output>
          </reporter-output>
        </test-method> <!-- testOpenClacksDeletePage -->
      </class> <!-- com.apothuaud.selenium.clickclack.web.tests.draft.v1.ClacksDeletePageUnitTestSet -->
      <class name="com.apothuaud.selenium.clickclack.web.tests.draft.v1.ClacksDeletePageFunctionalTestSet">
        <test-method status="PASS" signature="beforeTest()[pri:0, instance:com.apothuaud.selenium.clickclack.web.tests.draft.v1.ClacksDeletePageFunctionalTestSet@51565ec2]" name="beforeTest" is-config="true" duration-ms="948" started-at="2018-11-28T11:48:46Z" finished-at="2018-11-28T11:48:47Z">
          <reporter-output>
          </reporter-output>
        </test-method> <!-- beforeTest -->
        <test-method status="PASS" signature="testDeletePageConfirmToDelete()[pri:0, instance:com.apothuaud.selenium.clickclack.web.tests.draft.v1.ClacksDeletePageFunctionalTestSet@51565ec2]" name="testDeletePageConfirmToDelete" duration-ms="3527" started-at="2018-11-28T11:48:47Z" description="On Delete page I can confirm delete" finished-at="2018-11-28T11:48:51Z">
          <reporter-output>
          </reporter-output>
        </test-method> <!-- testDeletePageConfirmToDelete -->
        <test-method status="PASS" signature="beforeTest()[pri:0, instance:com.apothuaud.selenium.clickclack.web.tests.draft.v1.ClacksDeletePageFunctionalTestSet@51565ec2]" name="beforeTest" is-config="true" duration-ms="1225" started-at="2018-11-28T11:48:51Z" finished-at="2018-11-28T11:48:52Z">
          <reporter-output>
          </reporter-output>
        </test-method> <!-- beforeTest -->
        <test-method status="PASS" signature="testDeletePageRefuseToDelete()[pri:0, instance:com.apothuaud.selenium.clickclack.web.tests.draft.v1.ClacksDeletePageFunctionalTestSet@51565ec2]" name="testDeletePageRefuseToDelete" duration-ms="2431" started-at="2018-11-28T11:48:52Z" description="On Delete page I can refuse delete" finished-at="2018-11-28T11:48:54Z">
          <reporter-output>
          </reporter-output>
        </test-method> <!-- testDeletePageRefuseToDelete -->
      </class> <!-- com.apothuaud.selenium.clickclack.web.tests.draft.v1.ClacksDeletePageFunctionalTestSet -->
      <class name="com.apothuaud.selenium.clickclack.web.tests.draft.v1.ClacksDeletePageIntegrationTestSet">
        <test-method status="PASS" signature="beforeTest()[pri:0, instance:com.apothuaud.selenium.clickclack.web.tests.draft.v1.ClacksDeletePageIntegrationTestSet@675d3402]" name="beforeTest" is-config="true" duration-ms="922" started-at="2018-11-28T11:48:45Z" finished-at="2018-11-28T11:48:46Z">
          <reporter-output>
          </reporter-output>
        </test-method> <!-- beforeTest -->
        <test-method status="PASS" signature="testDeletePageToListPage()[pri:0, instance:com.apothuaud.selenium.clickclack.web.tests.draft.v1.ClacksDeletePageIntegrationTestSet@675d3402]" name="testDeletePageToListPage" duration-ms="709" started-at="2018-11-28T11:48:46Z" description="I can navigate to Clacks page from Delete page" finished-at="2018-11-28T11:48:46Z">
          <reporter-output>
          </reporter-output>
        </test-method> <!-- testDeletePageToListPage -->
      </class> <!-- com.apothuaud.selenium.clickclack.web.tests.draft.v1.ClacksDeletePageIntegrationTestSet -->
    </test> <!-- ClacksDeletePage -->
    <test name="end to end" duration-ms="4262" started-at="2018-11-28T11:48:54Z" finished-at="2018-11-28T11:48:59Z">
      <class name="com.apothuaud.selenium.clickclack.web.tests.draft.v1.ClacksEndToEndTestSet">
        <test-method status="PASS" signature="setUp()[pri:0, instance:com.apothuaud.selenium.clickclack.web.tests.draft.v1.ClacksEndToEndTestSet@5c7fa833]" name="setUp" is-config="true" duration-ms="95326" started-at="2018-11-28T11:46:31Z" finished-at="2018-11-28T11:48:06Z">
          <reporter-output>
          </reporter-output>
        </test-method> <!-- setUp -->
        <test-method status="PASS" signature="testCRUDClack()[pri:0, instance:com.apothuaud.selenium.clickclack.web.tests.draft.v1.ClacksEndToEndTestSet@5c7fa833]" name="testCRUDClack" duration-ms="4261" started-at="2018-11-28T11:48:54Z" description="I can CRUD clack" finished-at="2018-11-28T11:48:59Z">
          <reporter-output>
          </reporter-output>
        </test-method> <!-- testCRUDClack -->
        <test-method status="PASS" signature="cleanUp()[pri:0, instance:com.apothuaud.selenium.clickclack.web.tests.draft.v1.ClacksEndToEndTestSet@5c7fa833]" name="cleanUp" is-config="true" duration-ms="167" started-at="2018-11-28T11:48:59Z" finished-at="2018-11-28T11:48:59Z">
          <reporter-output>
          </reporter-output>
        </test-method> <!-- cleanUp -->
      </class> <!-- com.apothuaud.selenium.clickclack.web.tests.draft.v1.ClacksEndToEndTestSet -->
    </test> <!-- end to end -->
  </suite> <!-- ClickClack Web Draft v1 -->
</testng-results>
