<?xml version="1.0" encoding="UTF-8"?>
<testsuite xmlns:xsi="http://www.w3.org/2001/XMLSchema-instance" xsi:noNamespaceSchemaLocation="https://maven.apache.org/surefire/maven-surefire-plugin/xsd/surefire-test-report.xsd" name="TestSuite" time="151.083" tests="24" errors="0" skipped="0" failures="0">
  <properties>
[...]
</properties>
  <testcase name="testOpenHomePage" classname="com.apothuaud.selenium.clickclack.web.tests.draft.v1.HomePageUnitTestSet" time="9.736"/>
  <testcase name="testHomePageToListPage" classname="com.apothuaud.selenium.clickclack.web.tests.draft.v1.HomePageIntegrationTestSet" time="7.243"/>
  <testcase name="testOpenClacksPage" classname="com.apothuaud.selenium.clickclack.web.tests.draft.v1.ClacksListPageUnitTestSet" time="0.508"/>
  <testcase name="testListPageToCreatePage" classname="com.apothuaud.selenium.clickclack.web.tests.draft.v1.ClacksListPageIntegrationTestSet" time="0.59"/>
  <testcase name="testListPageToDetailsPage" classname="com.apothuaud.selenium.clickclack.web.tests.draft.v1.ClacksListPageIntegrationTestSet" time="0.726"/>
  <testcase name="testListPageToHomePage" classname="com.apothuaud.selenium.clickclack.web.tests.draft.v1.ClacksListPageIntegrationTestSet" time="0.595"/>
  <testcase name="testListPageToUpdatePage" classname="com.apothuaud.selenium.clickclack.web.tests.draft.v1.ClacksListPageIntegrationTestSet" time="0.788"/>
  <testcase name="testOpenCreateClackPage" classname="com.apothuaud.selenium.clickclack.web.tests.draft.v1.ClacksCreatePageUnitTestSet" time="0.357"/>
  <testcase name="testCreatePageToListPage" classname="com.apothuaud.selenium.clickclack.web.tests.draft.v1.ClacksCreatePageIntegrationTestSet" time="0.639"/>
  <testcase name="testCreateFormAddFields" classname="com.apothuaud.selenium.clickclack.web.tests.draft.v1.ClacksCreatePageFunctionalTestSet" time="0.474"/>
  <testcase name="testCreateFormRemoveFields" classname="com.apothuaud.selenium.clickclack.web.tests.draft.v1.ClacksCreatePageFunctionalTestSet" time="0.135"/>
  <testcase name="testOpenClackDetailsPage" classname="com.apothuaud.selenium.clickclack.web.tests.draft.v1.ClacksDetailsPageUnitTestSet" time="0.509"/>
  <testcase name="testDetailsPageToListPage" classname="com.apothuaud.selenium.clickclack.web.tests.draft.v1.ClacksDetailsPageIntegrationTestSet" time="0.718"/>
  <testcase name="testDetailsPageToUpdatePage" classname="com.apothuaud.selenium.clickclack.web.tests.draft.v1.ClacksDetailsPageIntegrationTestSet" time="0.75"/>
  <testcase name="testErrorClackNotFound" classname="com.apothuaud.selenium.clickclack.web.tests.draft.v1.ClacksDetailsPageFunctionalTestSet" time="0.312"/>
  <testcase name="testOpenClackUpdatePage" classname="com.apothuaud.selenium.clickclack.web.tests.draft.v1.ClacksUpdatePageUnitTestSet" time="0.447"/>
  <testcase name="testDetailsPageToListPage" classname="com.apothuaud.selenium.clickclack.web.tests.draft.v1.ClacksUpdatePageIntegrationTestSet" time="0.728"/>
  <testcase name="testUpdateFormAddFields" classname="com.apothuaud.selenium.clickclack.web.tests.draft.v1.ClacksUpdatePageFunctionalTestSet" time="0.535"/>
  <testcase name="testUpdateFormRemoveFields" classname="com.apothuaud.selenium.clickclack.web.tests.draft.v1.ClacksUpdatePageFunctionalTestSet" time="0.076"/>
  <testcase name="testOpenClacksDeletePage" classname="com.apothuaud.selenium.clickclack.web.tests.draft.v1.ClacksDeletePageUnitTestSet" time="0.532"/>
  <testcase name="testDeletePageToListPage" classname="com.apothuaud.selenium.clickclack.web.tests.draft.v1.ClacksDeletePageIntegrationTestSet" time="0.71"/>
  <testcase name="testDeletePageConfirmToDelete" classname="com.apothuaud.selenium.clickclack.web.tests.draft.v1.ClacksDeletePageFunctionalTestSet" time="3.527"/>
  <testcase name="testDeletePageRefuseToDelete" classname="com.apothuaud.selenium.clickclack.web.tests.draft.v1.ClacksDeletePageFunctionalTestSet" time="2.431"/>
  <testcase name="testCRUDClack" classname="com.apothuaud.selenium.clickclack.web.tests.draft.v1.ClacksEndToEndTestSet" time="4.263"/>
</testsuite>